<?xml version="1.0" encoding="UTF-8"?>
<!-- Generated by org.testng.reporters.JUnitReportReporter -->
<testsuite hostname="LAPTOP-VU2UI1BV" failures="0" tests="1" name="Newtest.Newtest" time="165.385" errors="0" timestamp="2022-09-16T17:45:08 IST" skipped="0">
  <testcase classname="Newtest.Newtest" name="T" time="165.385"/>
  <system-out/>
</testsuite> <!-- Newtest.Newtest -->
