<?xml version="1.0" encoding="UTF-8"?>
<!-- Generated by org.testng.reporters.JUnitReportReporter -->
<testsuite hostname="LAPTOP-VU2UI1BV" failures="0" tests="1" name="Newtest.Report" time="24.384" errors="0" timestamp="2022-09-16T17:33:35 IST" skipped="0">
  <testcase classname="Newtest.Report" name="T" time="24.384"/>
  <system-out/>
</testsuite> <!-- Newtest.Report -->
